<?xml version="1.0" encoding="UTF-8"?>
<!-- Generated by org.testng.reporters.JUnitReportReporter -->
<testsuite hostname="OM-LTW-3644" failures="0" tests="2" name="com.qa.tests.ProductTests" time="0.000" errors="0" timestamp="2023-10-10T14:59:44 IST" skipped="2">
  <testcase classname="com.qa.tests.ProductTests" name="validateProductonProductDetailsPage" time="0.000">
    <skipped/>
  </testcase> <!-- validateProductonProductDetailsPage -->
  <testcase classname="com.qa.tests.ProductTests" name="validateProductonProductsPage" time="0.000">
    <skipped/>
  </testcase> <!-- validateProductonProductsPage -->
</testsuite> <!-- com.qa.tests.ProductTests -->
